Analysis & Synthesis report for DTOUCH
Wed Dec 26 05:42:13 2018
Quartus Prime Version 16.1.0 Build 196 10/24/2016 SJ Lite Edition


---------------------
; Table of Contents ;
---------------------
  1. Legal Notice
  2. Analysis & Synthesis Summary
  3. Analysis & Synthesis Settings
  4. Parallel Compilation
  5. Analysis & Synthesis Source Files Read
  6. Analysis & Synthesis Resource Usage Summary
  7. Analysis & Synthesis Resource Utilization by Entity
  8. Registers Removed During Synthesis
  9. General Register Statistics
 10. Multiplexer Restructuring Statistics (Restructuring Performed)
 11. Post-Synthesis Netlist Statistics for Top Partition
 12. Elapsed Time Per Partition
 13. Analysis & Synthesis Messages
 14. Analysis & Synthesis Suppressed Messages



----------------
; Legal Notice ;
----------------
Copyright (C) 2016  Intel Corporation. All rights reserved.
Your use of Intel Corporation's design tools, logic functions 
and other software and tools, and its AMPP partner logic 
functions, and any output files from any of the foregoing 
(including device programming or simulation files), and any 
associated documentation or information are expressly subject 
to the terms and conditions of the Intel Program License 
Subscription Agreement, the Intel Quartus Prime License Agreement,
the Intel MegaCore Function License Agreement, or other 
applicable license agreement, including, without limitation, 
that your use is for the sole purpose of programming logic 
devices manufactured by Intel and sold by Intel or its 
authorized distributors.  Please refer to the applicable 
agreement for further details.



+----------------------------------------------------------------------------------+
; Analysis & Synthesis Summary                                                     ;
+------------------------------------+---------------------------------------------+
; Analysis & Synthesis Status        ; Successful - Wed Dec 26 05:42:13 2018       ;
; Quartus Prime Version              ; 16.1.0 Build 196 10/24/2016 SJ Lite Edition ;
; Revision Name                      ; DTOUCH                                      ;
; Top-level Entity Name              ; DTOUCH                                      ;
; Family                             ; MAX 10                                      ;
; Total logic elements               ; 127                                         ;
;     Total combinational functions  ; 127                                         ;
;     Dedicated logic registers      ; 64                                          ;
; Total registers                    ; 64                                          ;
; Total pins                         ; 26                                          ;
; Total virtual pins                 ; 0                                           ;
; Total memory bits                  ; 0                                           ;
; Embedded Multiplier 9-bit elements ; 0                                           ;
; Total PLLs                         ; 0                                           ;
; UFM blocks                         ; 0                                           ;
; ADC blocks                         ; 0                                           ;
+------------------------------------+---------------------------------------------+


+----------------------------------------------------------------------------------------------------------------------+
; Analysis & Synthesis Settings                                                                                        ;
+----------------------------------------------------------------------------+--------------------+--------------------+
; Option                                                                     ; Setting            ; Default Value      ;
+----------------------------------------------------------------------------+--------------------+--------------------+
; Device                                                                     ; 10M02SCM153I7G     ;                    ;
; Top-level entity name                                                      ; DTOUCH             ; DTOUCH             ;
; Family name                                                                ; MAX 10             ; Cyclone V          ;
; Use smart compilation                                                      ; Off                ; Off                ;
; Enable parallel Assembler and TimeQuest Timing Analyzer during compilation ; On                 ; On                 ;
; Enable compact report table                                                ; Off                ; Off                ;
; Restructure Multiplexers                                                   ; Auto               ; Auto               ;
; Create Debugging Nodes for IP Cores                                        ; Off                ; Off                ;
; Preserve fewer node names                                                  ; On                 ; On                 ;
; OpenCore Plus hardware evaluation                                          ; Enable             ; Enable             ;
; Verilog Version                                                            ; Verilog_2001       ; Verilog_2001       ;
; VHDL Version                                                               ; VHDL_1993          ; VHDL_1993          ;
; State Machine Processing                                                   ; Auto               ; Auto               ;
; Safe State Machine                                                         ; Off                ; Off                ;
; Extract Verilog State Machines                                             ; On                 ; On                 ;
; Extract VHDL State Machines                                                ; On                 ; On                 ;
; Ignore Verilog initial constructs                                          ; Off                ; Off                ;
; Iteration limit for constant Verilog loops                                 ; 5000               ; 5000               ;
; Iteration limit for non-constant Verilog loops                             ; 250                ; 250                ;
; Add Pass-Through Logic to Inferred RAMs                                    ; On                 ; On                 ;
; Infer RAMs from Raw Logic                                                  ; On                 ; On                 ;
; Parallel Synthesis                                                         ; On                 ; On                 ;
; DSP Block Balancing                                                        ; Auto               ; Auto               ;
; NOT Gate Push-Back                                                         ; On                 ; On                 ;
; Power-Up Don't Care                                                        ; On                 ; On                 ;
; Remove Redundant Logic Cells                                               ; Off                ; Off                ;
; Remove Duplicate Registers                                                 ; On                 ; On                 ;
; Ignore CARRY Buffers                                                       ; Off                ; Off                ;
; Ignore CASCADE Buffers                                                     ; Off                ; Off                ;
; Ignore GLOBAL Buffers                                                      ; Off                ; Off                ;
; Ignore ROW GLOBAL Buffers                                                  ; Off                ; Off                ;
; Ignore LCELL Buffers                                                       ; Off                ; Off                ;
; Ignore SOFT Buffers                                                        ; On                 ; On                 ;
; Limit AHDL Integers to 32 Bits                                             ; Off                ; Off                ;
; Optimization Technique                                                     ; Balanced           ; Balanced           ;
; Carry Chain Length                                                         ; 70                 ; 70                 ;
; Auto Carry Chains                                                          ; On                 ; On                 ;
; Auto Open-Drain Pins                                                       ; On                 ; On                 ;
; Perform WYSIWYG Primitive Resynthesis                                      ; Off                ; Off                ;
; Auto ROM Replacement                                                       ; On                 ; On                 ;
; Auto RAM Replacement                                                       ; On                 ; On                 ;
; Auto DSP Block Replacement                                                 ; On                 ; On                 ;
; Auto Shift Register Replacement                                            ; Auto               ; Auto               ;
; Allow Shift Register Merging across Hierarchies                            ; Auto               ; Auto               ;
; Auto Clock Enable Replacement                                              ; On                 ; On                 ;
; Strict RAM Replacement                                                     ; Off                ; Off                ;
; Allow Synchronous Control Signals                                          ; On                 ; On                 ;
; Force Use of Synchronous Clear Signals                                     ; Off                ; Off                ;
; Auto RAM Block Balancing                                                   ; On                 ; On                 ;
; Auto RAM to Logic Cell Conversion                                          ; Off                ; Off                ;
; Auto Resource Sharing                                                      ; Off                ; Off                ;
; Allow Any RAM Size For Recognition                                         ; Off                ; Off                ;
; Allow Any ROM Size For Recognition                                         ; Off                ; Off                ;
; Allow Any Shift Register Size For Recognition                              ; Off                ; Off                ;
; Use LogicLock Constraints during Resource Balancing                        ; On                 ; On                 ;
; Ignore translate_off and synthesis_off directives                          ; Off                ; Off                ;
; Timing-Driven Synthesis                                                    ; On                 ; On                 ;
; Report Parameter Settings                                                  ; On                 ; On                 ;
; Report Source Assignments                                                  ; On                 ; On                 ;
; Report Connectivity Checks                                                 ; On                 ; On                 ;
; Ignore Maximum Fan-Out Assignments                                         ; Off                ; Off                ;
; Synchronization Register Chain Length                                      ; 2                  ; 2                  ;
; PowerPlay Power Optimization During Synthesis                              ; Normal compilation ; Normal compilation ;
; HDL message level                                                          ; Level2             ; Level2             ;
; Suppress Register Optimization Related Messages                            ; Off                ; Off                ;
; Number of Removed Registers Reported in Synthesis Report                   ; 5000               ; 5000               ;
; Number of Swept Nodes Reported in Synthesis Report                         ; 5000               ; 5000               ;
; Number of Inverted Registers Reported in Synthesis Report                  ; 100                ; 100                ;
; Clock MUX Protection                                                       ; On                 ; On                 ;
; Auto Gated Clock Conversion                                                ; Off                ; Off                ;
; Block Design Naming                                                        ; Auto               ; Auto               ;
; SDC constraint protection                                                  ; Off                ; Off                ;
; Synthesis Effort                                                           ; Auto               ; Auto               ;
; Shift Register Replacement - Allow Asynchronous Clear Signal               ; On                 ; On                 ;
; Pre-Mapping Resynthesis Optimization                                       ; Off                ; Off                ;
; Analysis & Synthesis Message Level                                         ; Medium             ; Medium             ;
; Disable Register Merging Across Hierarchies                                ; Auto               ; Auto               ;
; Resource Aware Inference For Block RAM                                     ; On                 ; On                 ;
+----------------------------------------------------------------------------+--------------------+--------------------+


+------------------------------------------+
; Parallel Compilation                     ;
+----------------------------+-------------+
; Processors                 ; Number      ;
+----------------------------+-------------+
; Number detected on machine ; 4           ;
; Maximum allowed            ; 2           ;
;                            ;             ;
; Average used               ; 1.00        ;
; Maximum used               ; 2           ;
;                            ;             ;
; Usage by Processor         ; % Time Used ;
;     Processor 1            ; 100.0%      ;
;     Processor 2            ;   0.0%      ;
+----------------------------+-------------+


+---------------------------------------------------------------------------------------------------------------------------+
; Analysis & Synthesis Source Files Read                                                                                    ;
+----------------------------------+-----------------+------------------------+-----------------------------------+---------+
; File Name with User-Entered Path ; Used in Netlist ; File Type              ; File Name with Absolute Path      ; Library ;
+----------------------------------+-----------------+------------------------+-----------------------------------+---------+
; DTOUCH.v                         ; yes             ; User Verilog HDL File  ; C:/intelFPGA_lite/DTOUCH/DTOUCH.v ;         ;
+----------------------------------+-----------------+------------------------+-----------------------------------+---------+


+---------------------------------------------------------+
; Analysis & Synthesis Resource Usage Summary             ;
+---------------------------------------------+-----------+
; Resource                                    ; Usage     ;
+---------------------------------------------+-----------+
; Estimated Total logic elements              ; 127       ;
;                                             ;           ;
; Total combinational functions               ; 127       ;
; Logic element usage by number of LUT inputs ;           ;
;     -- 4 input functions                    ; 54        ;
;     -- 3 input functions                    ; 11        ;
;     -- <=2 input functions                  ; 62        ;
;                                             ;           ;
; Logic elements by mode                      ;           ;
;     -- normal mode                          ; 73        ;
;     -- arithmetic mode                      ; 54        ;
;                                             ;           ;
; Total registers                             ; 64        ;
;     -- Dedicated logic registers            ; 64        ;
;     -- I/O registers                        ; 0         ;
;                                             ;           ;
; I/O pins                                    ; 26        ;
;                                             ;           ;
; Embedded Multiplier 9-bit elements          ; 0         ;
;                                             ;           ;
; Maximum fan-out node                        ; clk~input ;
; Maximum fan-out                             ; 64        ;
; Total fan-out                               ; 639       ;
; Average fan-out                             ; 2.63      ;
+---------------------------------------------+-----------+


+------------------------------------------------------------------------------------------------------------------------------------------------------------------------------------------------------------------------------------+
; Analysis & Synthesis Resource Utilization by Entity                                                                                                                                                                                ;
+----------------------------+---------------------+---------------------------+-------------+------------+--------------+---------+-----------+------+--------------+------------+---------------------+-------------+--------------+
; Compilation Hierarchy Node ; Combinational ALUTs ; Dedicated Logic Registers ; Memory Bits ; UFM Blocks ; DSP Elements ; DSP 9x9 ; DSP 18x18 ; Pins ; Virtual Pins ; ADC blocks ; Full Hierarchy Name ; Entity Name ; Library Name ;
+----------------------------+---------------------+---------------------------+-------------+------------+--------------+---------+-----------+------+--------------+------------+---------------------+-------------+--------------+
; |DTOUCH                    ; 127 (127)           ; 64 (64)                   ; 0           ; 0          ; 0            ; 0       ; 0         ; 26   ; 0            ; 0          ; |DTOUCH             ; DTOUCH      ; work         ;
+----------------------------+---------------------+---------------------------+-------------+------------+--------------+---------+-----------+------+--------------+------------+---------------------+-------------+--------------+
Note: For table entries with two numbers listed, the numbers in parentheses indicate the number of resources of the given type used by the specific entity alone. The numbers listed outside of parentheses indicate the total resources of the given type used by the specific entity and all of its sub-entities in the hierarchy.


+-------------------------------------------------------------------------------+
; Registers Removed During Synthesis                                            ;
+----------------------------------------+--------------------------------------+
; Register name                          ; Reason for Removal                   ;
+----------------------------------------+--------------------------------------+
; num~0                                  ; Stuck at GND due to stuck port clock ;
; num~1                                  ; Stuck at GND due to stuck port clock ;
; num~2                                  ; Stuck at GND due to stuck port clock ;
; num~3                                  ; Stuck at GND due to stuck port clock ;
; num~4                                  ; Stuck at GND due to stuck port clock ;
; num~5                                  ; Stuck at GND due to stuck port clock ;
; num~6                                  ; Stuck at GND due to stuck port clock ;
; num~7                                  ; Stuck at GND due to stuck port clock ;
; num~8                                  ; Stuck at GND due to stuck port clock ;
; num~9                                  ; Stuck at GND due to stuck port clock ;
; num~10                                 ; Stuck at GND due to stuck port clock ;
; num~11                                 ; Stuck at GND due to stuck port clock ;
; num~12                                 ; Stuck at GND due to stuck port clock ;
; num~13                                 ; Stuck at GND due to stuck port clock ;
; num~14                                 ; Stuck at GND due to stuck port clock ;
; num~15                                 ; Stuck at GND due to stuck port clock ;
; num~16                                 ; Stuck at GND due to stuck port clock ;
; num~17                                 ; Stuck at GND due to stuck port clock ;
; num~18                                 ; Stuck at GND due to stuck port clock ;
; num~19                                 ; Stuck at GND due to stuck port clock ;
; num~20                                 ; Stuck at GND due to stuck port clock ;
; num~21                                 ; Stuck at GND due to stuck port clock ;
; num~22                                 ; Stuck at GND due to stuck port clock ;
; num~23                                 ; Stuck at GND due to stuck port clock ;
; num~24                                 ; Stuck at GND due to stuck port clock ;
; num~25                                 ; Stuck at GND due to stuck port clock ;
; num~26                                 ; Stuck at GND due to stuck port clock ;
; num~27                                 ; Stuck at GND due to stuck port clock ;
; num~28                                 ; Stuck at GND due to stuck port clock ;
; num~29                                 ; Stuck at GND due to stuck port clock ;
; num~30                                 ; Stuck at GND due to stuck port clock ;
; num~31                                 ; Stuck at GND due to stuck port clock ;
; num~32                                 ; Stuck at GND due to stuck port clock ;
; num~33                                 ; Stuck at GND due to stuck port clock ;
; num~34                                 ; Stuck at GND due to stuck port clock ;
; num~35                                 ; Stuck at GND due to stuck port clock ;
; num~36                                 ; Stuck at GND due to stuck port clock ;
; num~37                                 ; Stuck at GND due to stuck port clock ;
; num~38                                 ; Stuck at GND due to stuck port clock ;
; num~39                                 ; Stuck at GND due to stuck port clock ;
; num~40                                 ; Stuck at GND due to stuck port clock ;
; num~41                                 ; Stuck at GND due to stuck port clock ;
; num~42                                 ; Stuck at GND due to stuck port clock ;
; num~43                                 ; Stuck at GND due to stuck port clock ;
; num~44                                 ; Stuck at GND due to stuck port clock ;
; num~45                                 ; Stuck at GND due to stuck port clock ;
; num~46                                 ; Stuck at GND due to stuck port clock ;
; num~47                                 ; Stuck at GND due to stuck port clock ;
; num~48                                 ; Stuck at GND due to stuck port clock ;
; num~49                                 ; Stuck at GND due to stuck port clock ;
; num~50                                 ; Stuck at GND due to stuck port clock ;
; num~51                                 ; Stuck at GND due to stuck port clock ;
; num~52                                 ; Stuck at GND due to stuck port clock ;
; num~53                                 ; Stuck at GND due to stuck port clock ;
; num~54                                 ; Stuck at GND due to stuck port clock ;
; num~55                                 ; Stuck at GND due to stuck port clock ;
; num~56                                 ; Stuck at GND due to stuck port clock ;
; num~57                                 ; Stuck at GND due to stuck port clock ;
; num~58                                 ; Stuck at GND due to stuck port clock ;
; num~59                                 ; Stuck at GND due to stuck port clock ;
; num~60                                 ; Stuck at GND due to stuck port clock ;
; num~61                                 ; Stuck at GND due to stuck port clock ;
; num~62                                 ; Stuck at GND due to stuck port clock ;
; num~63                                 ; Stuck at GND due to stuck port clock ;
; num~64                                 ; Stuck at GND due to stuck port clock ;
; num~65                                 ; Stuck at GND due to stuck port clock ;
; num~66                                 ; Stuck at GND due to stuck port clock ;
; num~67                                 ; Stuck at GND due to stuck port clock ;
; num~68                                 ; Stuck at GND due to stuck port clock ;
; num~69                                 ; Stuck at GND due to stuck port clock ;
; num~70                                 ; Stuck at GND due to stuck port clock ;
; num~71                                 ; Stuck at GND due to stuck port clock ;
; num~72                                 ; Stuck at GND due to stuck port clock ;
; num~73                                 ; Stuck at GND due to stuck port clock ;
; num~74                                 ; Stuck at GND due to stuck port clock ;
; num~75                                 ; Stuck at GND due to stuck port clock ;
; num~76                                 ; Stuck at GND due to stuck port clock ;
; num~77                                 ; Stuck at GND due to stuck port clock ;
; num~78                                 ; Stuck at GND due to stuck port clock ;
; num~79                                 ; Stuck at GND due to stuck port clock ;
; num~80                                 ; Stuck at GND due to stuck port clock ;
; num~81                                 ; Stuck at GND due to stuck port clock ;
; num~82                                 ; Stuck at GND due to stuck port clock ;
; num~83                                 ; Stuck at GND due to stuck port clock ;
; num~84                                 ; Stuck at GND due to stuck port clock ;
; num~85                                 ; Stuck at GND due to stuck port clock ;
; num~86                                 ; Stuck at GND due to stuck port clock ;
; num~87                                 ; Stuck at GND due to stuck port clock ;
; num~88                                 ; Stuck at GND due to stuck port clock ;
; num~89                                 ; Stuck at GND due to stuck port clock ;
; Total Number of Removed Registers = 90 ;                                      ;
+----------------------------------------+--------------------------------------+


+------------------------------------------------------+
; General Register Statistics                          ;
+----------------------------------------------+-------+
; Statistic                                    ; Value ;
+----------------------------------------------+-------+
; Total registers                              ; 64    ;
; Number of registers using Synchronous Clear  ; 56    ;
; Number of registers using Synchronous Load   ; 3     ;
; Number of registers using Asynchronous Clear ; 0     ;
; Number of registers using Asynchronous Load  ; 0     ;
; Number of registers using Clock Enable       ; 38    ;
; Number of registers using Preset             ; 0     ;
+----------------------------------------------+-------+


+------------------------------------------------------------------------------------------------------------------------------------------+
; Multiplexer Restructuring Statistics (Restructuring Performed)                                                                           ;
+--------------------+-----------+---------------+----------------------+------------------------+------------+----------------------------+
; Multiplexer Inputs ; Bus Width ; Baseline Area ; Area if Restructured ; Saving if Restructured ; Registered ; Example Multiplexer Output ;
+--------------------+-----------+---------------+----------------------+------------------------+------------+----------------------------+
; 8:1                ; 3 bits    ; 15 LEs        ; 6 LEs                ; 9 LEs                  ; Yes        ; |DTOUCH|count1[1]          ;
; 9:1                ; 3 bits    ; 18 LEs        ; 9 LEs                ; 9 LEs                  ; Yes        ; |DTOUCH|count2[1]          ;
+--------------------+-----------+---------------+----------------------+------------------------+------------+----------------------------+


+-----------------------------------------------------+
; Post-Synthesis Netlist Statistics for Top Partition ;
+-----------------------+-----------------------------+
; Type                  ; Count                       ;
+-----------------------+-----------------------------+
; boundary_port         ; 26                          ;
; cycloneiii_ff         ; 64                          ;
;     ENA               ; 5                           ;
;     ENA SCLR          ; 32                          ;
;     ENA SLD           ; 1                           ;
;     SCLR              ; 24                          ;
;     SLD               ; 2                           ;
; cycloneiii_lcell_comb ; 140                         ;
;     arith             ; 54                          ;
;         2 data inputs ; 54                          ;
;     normal            ; 86                          ;
;         0 data inputs ; 1                           ;
;         1 data inputs ; 14                          ;
;         2 data inputs ; 6                           ;
;         3 data inputs ; 11                          ;
;         4 data inputs ; 54                          ;
;                       ;                             ;
; Max LUT depth         ; 6.00                        ;
; Average LUT depth     ; 3.79                        ;
+-----------------------+-----------------------------+


+-------------------------------+
; Elapsed Time Per Partition    ;
+----------------+--------------+
; Partition Name ; Elapsed Time ;
+----------------+--------------+
; Top            ; 00:00:01     ;
+----------------+--------------+


+-------------------------------+
; Analysis & Synthesis Messages ;
+-------------------------------+
Info: *******************************************************************
Info: Running Quartus Prime Analysis & Synthesis
    Info: Version 16.1.0 Build 196 10/24/2016 SJ Lite Edition
    Info: Processing started: Wed Dec 26 05:41:45 2018
Info: Command: quartus_map --read_settings_files=on --write_settings_files=off DTOUCH -c DTOUCH
Warning (18236): Number of processors has not been specified which may cause overloading on shared machines.  Set the global assignment NUM_PARALLEL_PROCESSORS in your QSF to an appropriate value for best performance.
Info (20030): Parallel compilation is enabled and will use 2 of the 2 processors detected
Info (12021): Found 1 design units, including 1 entities, in source file dtouch.v
    Info (12023): Found entity 1: DTOUCH File: C:/intelFPGA_lite/DTOUCH/DTOUCH.v Line: 1
Info (12021): Found 1 design units, including 1 entities, in source file dtouch_tb.v
    Info (12023): Found entity 1: DTOUCH_tb File: C:/intelFPGA_lite/DTOUCH/DTOUCH_tb.v Line: 2
Info (12127): Elaborating entity "DTOUCH" for the top level hierarchy
Warning (10230): Verilog HDL assignment warning at DTOUCH.v(39): truncated value with size 32 to match size of target (24) File: C:/intelFPGA_lite/DTOUCH/DTOUCH.v Line: 39
Warning (10230): Verilog HDL assignment warning at DTOUCH.v(91): truncated value with size 32 to match size of target (4) File: C:/intelFPGA_lite/DTOUCH/DTOUCH.v Line: 91
Warning (10230): Verilog HDL assignment warning at DTOUCH.v(96): truncated value with size 32 to match size of target (4) File: C:/intelFPGA_lite/DTOUCH/DTOUCH.v Line: 96
Warning (10030): Net "num.data_a" at DTOUCH.v(15) has no driver or initial value, using a default initial value '0' File: C:/intelFPGA_lite/DTOUCH/DTOUCH.v Line: 15
Warning (10030): Net "num.waddr_a" at DTOUCH.v(15) has no driver or initial value, using a default initial value '0' File: C:/intelFPGA_lite/DTOUCH/DTOUCH.v Line: 15
Warning (10030): Net "num.we_a" at DTOUCH.v(15) has no driver or initial value, using a default initial value '0' File: C:/intelFPGA_lite/DTOUCH/DTOUCH.v Line: 15
Warning (10034): Output port "led" at DTOUCH.v(7) has no driver File: C:/intelFPGA_lite/DTOUCH/DTOUCH.v Line: 7
Critical Warning (127005): Memory depth (16) in the design file differs from memory depth (10) in the Memory Initialization File "C:/intelFPGA_lite/DTOUCH/db/DTOUCH.ram0_DTOUCH_9662271b.hdl.mif" -- setting initial value for remaining addresses to 0
Info (276014): Found 1 instances of uninferred RAM logic
    Info (276013): RAM logic "num" is uninferred because MIF is not supported for the selected family File: C:/intelFPGA_lite/DTOUCH/DTOUCH.v Line: 15
Warning (13024): Output pins are stuck at VCC or GND
    Warning (13410): Pin "led[0]" is stuck at GND File: C:/intelFPGA_lite/DTOUCH/DTOUCH.v Line: 7
    Warning (13410): Pin "led[1]" is stuck at GND File: C:/intelFPGA_lite/DTOUCH/DTOUCH.v Line: 7
    Warning (13410): Pin "led[2]" is stuck at GND File: C:/intelFPGA_lite/DTOUCH/DTOUCH.v Line: 7
    Warning (13410): Pin "led[3]" is stuck at GND File: C:/intelFPGA_lite/DTOUCH/DTOUCH.v Line: 7
    Warning (13410): Pin "Count1[7]" is stuck at GND File: C:/intelFPGA_lite/DTOUCH/DTOUCH.v Line: 8
    Warning (13410): Pin "Count1[8]" is stuck at GND File: C:/intelFPGA_lite/DTOUCH/DTOUCH.v Line: 8
    Warning (13410): Pin "Count2[7]" is stuck at GND File: C:/intelFPGA_lite/DTOUCH/DTOUCH.v Line: 11
    Warning (13410): Pin "Count2[8]" is stuck at GND File: C:/intelFPGA_lite/DTOUCH/DTOUCH.v Line: 11
Info (286030): Timing-Driven Synthesis is running
Info (144001): Generated suppressed messages file C:/intelFPGA_lite/DTOUCH/output_files/DTOUCH.map.smsg
Info (16010): Generating hard_block partition "hard_block:auto_generated_inst"
    Info (16011): Adding 0 node(s), including 0 DDIO, 0 PLL, 0 transceiver and 0 LCELL
Info (21057): Implemented 153 device resources after synthesis - the final resource count might be different
    Info (21058): Implemented 4 input pins
    Info (21059): Implemented 22 output pins
    Info (21061): Implemented 127 logic cells
Info: Quartus Prime Analysis & Synthesis was successful. 0 errors, 18 warnings
    Info: Peak virtual memory: 4764 megabytes
    Info: Processing ended: Wed Dec 26 05:42:13 2018
    Info: Elapsed time: 00:00:28
    Info: Total CPU time (on all processors): 00:00:53


+------------------------------------------+
; Analysis & Synthesis Suppressed Messages ;
+------------------------------------------+
The suppressed messages can be found in C:/intelFPGA_lite/DTOUCH/output_files/DTOUCH.map.smsg.


